Flow report for MT9V034C_DISPLAY
Mon Nov 26 14:48:04 2012
Quartus II 64-Bit Version 10.1 Build 153 11/29/2010 SJ Full Version


---------------------
; Table of Contents ;
---------------------
  1. Legal Notice
  2. Flow Summary
  3. Flow Settings
  4. Flow Non-Default Global Settings
  5. Flow Elapsed Time
  6. Flow OS Summary
  7. Flow Log



----------------
; Legal Notice ;
----------------
Copyright (C) 1991-2010 Altera Corporation
Your use of Altera Corporation's design tools, logic functions 
and other software and tools, and its AMPP partner logic 
functions, and any output files from any of the foregoing 
(including device programming or simulation files), and any 
associated documentation or information are expressly subject 
to the terms and conditions of the Altera Program License 
Subscription Agreement, Altera MegaCore Function License 
Agreement, or other applicable license agreement, including, 
without limitation, that your use is for the sole purpose of 
programming logic devices manufactured by Altera and sold by 
Altera or its authorized distributors.  Please refer to the 
applicable agreement for further details.



+--------------------------------------------------------------------------------+
; Flow Summary                                                                   ;
+------------------------------------+-------------------------------------------+
; Flow Status                        ; Successful - Mon Nov 26 14:47:58 2012     ;
; Quartus II 64-Bit Version          ; 10.1 Build 153 11/29/2010 SJ Full Version ;
; Revision Name                      ; MT9V034C_DISPLAY                          ;
; Top-level Entity Name              ; MT9V034C_DISPLAY                          ;
; Family                             ; Cyclone III                               ;
; Device                             ; EP3C16F484C6                              ;
; Timing Models                      ; Final                                     ;
; Total logic elements               ; 940 / 15,408 ( 6 % )                      ;
;     Total combinational functions  ; 788 / 15,408 ( 5 % )                      ;
;     Dedicated logic registers      ; 626 / 15,408 ( 4 % )                      ;
; Total registers                    ; 626                                       ;
; Total pins                         ; 304 / 347 ( 88 % )                        ;
; Total virtual pins                 ; 0                                         ;
; Total memory bits                  ; 50,948 / 516,096 ( 10 % )                 ;
; Embedded Multiplier 9-bit elements ; 9 / 112 ( 8 % )                           ;
; Total PLLs                         ; 2 / 4 ( 50 % )                            ;
+------------------------------------+-------------------------------------------+


+-----------------------------------------+
; Flow Settings                           ;
+-------------------+---------------------+
; Option            ; Setting             ;
+-------------------+---------------------+
; Start date & time ; 11/26/2012 14:47:29 ;
; Main task         ; Compilation         ;
; Revision Name     ; MT9V034C_DISPLAY    ;
+-------------------+---------------------+


+------------------------------------------------------------------------------------------------------------------------------------------------------+
; Flow Non-Default Global Settings                                                                                                                     ;
+-------------------------------------+---------------------------------------------------------------------+---------------+-------------+------------+
; Assignment Name                     ; Value                                                               ; Default Value ; Entity Name ; Section Id ;
+-------------------------------------+---------------------------------------------------------------------+---------------+-------------+------------+
; COMPILER_SIGNATURE_ID               ; 124191479446371.135391244913316                                     ; --            ; --          ; --         ;
; IP_TOOL_NAME                        ; ALTPLL                                                              ; --            ; --          ; --         ;
; IP_TOOL_NAME                        ; ALTPLL                                                              ; --            ; --          ; --         ;
; IP_TOOL_VERSION                     ; 10.1                                                                ; --            ; --          ; --         ;
; IP_TOOL_VERSION                     ; 10.1                                                                ; --            ; --          ; --         ;
; MAX_CORE_JUNCTION_TEMP              ; 85                                                                  ; --            ; --          ; --         ;
; MIN_CORE_JUNCTION_TEMP              ; 0                                                                   ; --            ; --          ; --         ;
; MISC_FILE                           ; D:/CD1/CD1_demonstrations/CD1_MT9V034C_DISPLAY/MT9V034C_DISPLAY.dpf ; --            ; --          ; --         ;
; MISC_FILE                           ; MY_CODE/Sdram_Control_4Port/Sdram_PLL.ppf                           ; --            ; --          ; --         ;
; MISC_FILE                           ; MY_CODE/PLL_VGA.ppf                                                 ; --            ; --          ; --         ;
; OPTIMIZE_HOLD_TIMING                ; IO Paths and Minimum TPD Paths                                      ; All Paths     ; --          ; --         ;
; OUTPUT_IO_TIMING_FAR_END_VMEAS      ; Half Signal Swing                                                   ; --            ; --          ; --         ;
; OUTPUT_IO_TIMING_FAR_END_VMEAS      ; Half Signal Swing                                                   ; --            ; --          ; --         ;
; OUTPUT_IO_TIMING_NEAR_END_VMEAS     ; Half Vccio                                                          ; --            ; --          ; --         ;
; OUTPUT_IO_TIMING_NEAR_END_VMEAS     ; Half Vccio                                                          ; --            ; --          ; --         ;
; PARTITION_COLOR                     ; 16764057                                                            ; --            ; --          ; Top        ;
; PARTITION_FITTER_PRESERVATION_LEVEL ; PLACEMENT_AND_ROUTING                                               ; --            ; --          ; Top        ;
; PARTITION_NETLIST_TYPE              ; SOURCE                                                              ; --            ; --          ; Top        ;
; SOPC_BUILDER_SIGNATURE_ID           ; 00000000000000E0000001394D8F8ACB                                    ; --            ; --          ; --         ;
+-------------------------------------+---------------------------------------------------------------------+---------------+-------------+------------+


+-------------------------------------------------------------------------------------------------------------------------------+
; Flow Elapsed Time                                                                                                             ;
+---------------------------+--------------+-------------------------+---------------------+------------------------------------+
; Module Name               ; Elapsed Time ; Average Processors Used ; Peak Virtual Memory ; Total CPU Time (on all processors) ;
+---------------------------+--------------+-------------------------+---------------------+------------------------------------+
; Analysis & Synthesis      ; 00:00:08     ; 1.0                     ; 357 MB              ; 00:00:08                           ;
; Fitter                    ; 00:00:15     ; 1.0                     ; 553 MB              ; 00:00:17                           ;
; Assembler                 ; 00:00:02     ; 1.0                     ; 322 MB              ; 00:00:02                           ;
; TimeQuest Timing Analyzer ; 00:00:08     ; 1.2                     ; 415 MB              ; 00:00:09                           ;
; Total                     ; 00:00:33     ; --                      ; --                  ; 00:00:36                           ;
+---------------------------+--------------+-------------------------+---------------------+------------------------------------+


+----------------------------------------------------------------------------------------+
; Flow OS Summary                                                                        ;
+---------------------------+------------------+-----------+------------+----------------+
; Module Name               ; Machine Hostname ; OS Name   ; OS Version ; Processor type ;
+---------------------------+------------------+-----------+------------+----------------+
; Analysis & Synthesis      ; ZiJian           ; Windows 7 ; 6.1        ; x86_64         ;
; Fitter                    ; ZiJian           ; Windows 7 ; 6.1        ; x86_64         ;
; Assembler                 ; ZiJian           ; Windows 7 ; 6.1        ; x86_64         ;
; TimeQuest Timing Analyzer ; ZiJian           ; Windows 7 ; 6.1        ; x86_64         ;
+---------------------------+------------------+-----------+------------+----------------+


------------
; Flow Log ;
------------
quartus_map --read_settings_files=on --write_settings_files=off MT9V034C_DISPLAY -c MT9V034C_DISPLAY
quartus_fit --read_settings_files=off --write_settings_files=off MT9V034C_DISPLAY -c MT9V034C_DISPLAY
quartus_asm --read_settings_files=off --write_settings_files=off MT9V034C_DISPLAY -c MT9V034C_DISPLAY
quartus_sta MT9V034C_DISPLAY -c MT9V034C_DISPLAY



